0 info it worked if it ends with ok
1 verbose cli [ 'C:\\Program Files\\nodejs\\node.exe',
1 verbose cli   'C:\\Program Files\\nodejs\\node_modules\\npm\\bin\\npm-cli.js',
1 verbose cli   'run',
1 verbose cli   'start:dev' ]
2 info using npm@3.10.10
3 info using node@v7.3.0
4 verbose run-script [ 'prestart:dev', 'start:dev', 'poststart:dev' ]
5 info lifecycle situational-images@1.0.0~prestart:dev: situational-images@1.0.0
6 silly lifecycle situational-images@1.0.0~prestart:dev: no script for prestart:dev, continuing
7 info lifecycle situational-images@1.0.0~start:dev: situational-images@1.0.0
8 verbose lifecycle situational-images@1.0.0~start:dev: unsafe-perm in lifecycle true
9 verbose lifecycle situational-images@1.0.0~start:dev: PATH: C:\Users\x_vin\AppData\Roaming\nvm\v7.3.0\node_modules\npm\bin\node-gyp-bin;C:\Users\x_vin\Desktop\images\node_modules\.bin;C:\Program Files (x86)\NVIDIA Corporation\PhysX\Common;C:\ProgramData\Oracle\Java\javapath;C:\WINDOWS\system32;C:\WINDOWS;C:\WINDOWS\System32\Wbem;C:\WINDOWS\System32\WindowsPowerShell\v1.0\;C:\Program Files\Git\cmd;C:\Program Files (x86)\Heroku\bin;C:\Program Files (x86)\git\cmd;C:\Program Files (x86)\Windows Kits\10\Windows Performance Toolkit\;C:\Program Files (x86)\Git\cmd;%NVM_HOME%;%NVM_SYMLINK%;C:\Program Files (x86)\Skype\Phone\;E:\WebServers\usr\php;C:\ProgramData\ComposerSetup\bin;C:\Users\x_vin\AppData\Roaming\npm;C:\Users\x_vin\AppData\Local\Microsoft\WindowsApps;D:\Programs\SDK\platform-tools;D:\Programs\SDK\tools;C:\Program Files (x86)\Java\jdk1.8.0\bin;%ANT_HOME%\bin;C:\Users\x_vin\AppData\Roaming\nvm;C:\Program Files\nodejs;C:\Users\x_vin\AppData\Roaming\Composer\vendor\bin;;C:\Program Files (x86)\Microsoft VS Code\bin
10 verbose lifecycle situational-images@1.0.0~start:dev: CWD: C:\Users\x_vin\Desktop\images
11 silly lifecycle situational-images@1.0.0~start:dev: Args: [ '/d /s /c', 'webpack-dev-server' ]
12 verbose stack Error: kill ENOSYS
12 verbose stack     at exports._errnoException (util.js:1022:11)
12 verbose stack     at process.kill (internal/process.js:173:13)
12 verbose stack     at process.listener (C:\Users\x_vin\AppData\Roaming\nvm\v7.3.0\node_modules\npm\node_modules\npmlog\node_modules\gauge\node_modules\signal-exit\index.js:86:15)
12 verbose stack     at emitNone (events.js:91:20)
12 verbose stack     at process.emit (events.js:185:7)
12 verbose stack     at processEmit (C:\Users\x_vin\AppData\Roaming\nvm\v7.3.0\node_modules\npm\node_modules\npmlog\node_modules\gauge\node_modules\signal-exit\index.js:146:32)
12 verbose stack     at processEmit (C:\Users\x_vin\AppData\Roaming\nvm\v7.3.0\node_modules\npm\node_modules\npm-registry-client\node_modules\npmlog\node_modules\gauge\node_modules\signal-exit\index.js:146:32)
12 verbose stack     at Signal.wrap.onsignal (internal/process.js:200:44)
13 verbose cwd C:\Users\x_vin\Desktop\images
14 error Windows_NT 10.0.15063
15 error argv "C:\\Program Files\\nodejs\\node.exe" "C:\\Program Files\\nodejs\\node_modules\\npm\\bin\\npm-cli.js" "run" "start:dev"
16 error node v7.3.0
17 error npm  v3.10.10
18 error code ENOSYS
19 error errno ENOSYS
20 error syscall kill
21 error kill ENOSYS
22 error If you need help, you may report this error at:
22 error     <https://github.com/npm/npm/issues>
23 verbose exit [ 1, true ]
